<?xml version="1.0" encoding="UTF-8"?>
<!-- Generated by org.testng.reporters.JUnitReportReporter -->
<testsuite hostname="WIN-20160731FDW" name="com.yi.testcase.LoginTest" tests="1" failures="0" timestamp="1 Dec 2017 14:51:28 GMT" time="8.057" errors="0">
  <testcase name="test" time="8.057" classname="com.yi.testcase.LoginTest"/>
</testsuite> <!-- com.yi.testcase.LoginTest -->
