<?xml version="1.0" encoding="UTF-8"?>
<!-- Generated by org.testng.reporters.JUnitReportReporter -->
<testsuite hostname="WIN-20160731FDW" name="com.yi.testcase.TempTest" tests="1" failures="0" timestamp="1 Dec 2017 09:38:47 GMT" time="23.182" errors="0">
  <testcase name="beforeClass" time="23.182" classname="com.yi.testcase.TempTest"/>
</testsuite> <!-- com.yi.testcase.TempTest -->
